CRITICAL - 2023-05-17 07:26:43 --> syntax error, unexpected token "echo"
in APPPATH/Controllers/ControllerInvestigadores.php on line 30.
 1 SYSTEMPATH/Autoloader/Autoloader.php(289): CodeIgniter\Autoloader\Autoloader->includeFile('/Users/eusebiogarciarojas/Sites/localhost/codeigniter4/app/Controllers/ControllerInvestigadores.php')
 2 SYSTEMPATH/Autoloader/Autoloader.php(267): CodeIgniter\Autoloader\Autoloader->loadInNamespace('App\\Controllers\\ControllerInvestigadores')
 3 [internal function]: CodeIgniter\Autoloader\Autoloader->loadClass('App\\Controllers\\ControllerInvestigadores')
 4 SYSTEMPATH/CodeIgniter.php(892): class_exists('\\App\\Controllers\\ControllerInvestigadores', true)
 5 SYSTEMPATH/CodeIgniter.php(486): CodeIgniter\CodeIgniter->startController()
 6 SYSTEMPATH/CodeIgniter.php(368): CodeIgniter\CodeIgniter->handleRequest(null, Object(Config\Cache), false)
 7 FCPATH/index.php(67): CodeIgniter\CodeIgniter->run()
CRITICAL - 2023-05-17 07:26:45 --> syntax error, unexpected token "echo"
in APPPATH/Controllers/ControllerInvestigadores.php on line 30.
 1 SYSTEMPATH/Autoloader/Autoloader.php(289): CodeIgniter\Autoloader\Autoloader->includeFile('/Users/eusebiogarciarojas/Sites/localhost/codeigniter4/app/Controllers/ControllerInvestigadores.php')
 2 SYSTEMPATH/Autoloader/Autoloader.php(267): CodeIgniter\Autoloader\Autoloader->loadInNamespace('App\\Controllers\\ControllerInvestigadores')
 3 [internal function]: CodeIgniter\Autoloader\Autoloader->loadClass('App\\Controllers\\ControllerInvestigadores')
 4 SYSTEMPATH/CodeIgniter.php(892): class_exists('\\App\\Controllers\\ControllerInvestigadores', true)
 5 SYSTEMPATH/CodeIgniter.php(486): CodeIgniter\CodeIgniter->startController()
 6 SYSTEMPATH/CodeIgniter.php(368): CodeIgniter\CodeIgniter->handleRequest(null, Object(Config\Cache), false)
 7 FCPATH/index.php(67): CodeIgniter\CodeIgniter->run()
CRITICAL - 2023-05-17 07:32:08 --> syntax error, unexpected token "echo"
in APPPATH/Controllers/ControllerInvestigadores.php on line 30.
 1 SYSTEMPATH/Autoloader/Autoloader.php(289): CodeIgniter\Autoloader\Autoloader->includeFile('/Users/eusebiogarciarojas/Sites/localhost/codeigniter4/app/Controllers/ControllerInvestigadores.php')
 2 SYSTEMPATH/Autoloader/Autoloader.php(267): CodeIgniter\Autoloader\Autoloader->loadInNamespace('App\\Controllers\\ControllerInvestigadores')
 3 [internal function]: CodeIgniter\Autoloader\Autoloader->loadClass('App\\Controllers\\ControllerInvestigadores')
 4 SYSTEMPATH/CodeIgniter.php(892): class_exists('\\App\\Controllers\\ControllerInvestigadores', true)
 5 SYSTEMPATH/CodeIgniter.php(486): CodeIgniter\CodeIgniter->startController()
 6 SYSTEMPATH/CodeIgniter.php(368): CodeIgniter\CodeIgniter->handleRequest(null, Object(Config\Cache), false)
 7 FCPATH/index.php(67): CodeIgniter\CodeIgniter->run()
INFO - 2023-05-17 07:36:20 --> Session: Class initialized using 'CodeIgniter\Session\Handlers\FileHandler' driver.
WARNING - 2023-05-17 07:36:20 --> [DEPRECATED] Creation of dynamic property App\Controllers\ControllerInvestigadores::$session is deprecated in APPPATH/Controllers/ControllerInvestigadores.php on line 20.
 1 SYSTEMPATH/CodeIgniter.php(906): App\Controllers\ControllerInvestigadores->__construct()
 2 SYSTEMPATH/CodeIgniter.php(490): CodeIgniter\CodeIgniter->createController()
 3 SYSTEMPATH/CodeIgniter.php(368): CodeIgniter\CodeIgniter->handleRequest(null, Object(Config\Cache), false)
 4 FCPATH/index.php(67): CodeIgniter\CodeIgniter->run()
INFO - 2023-05-17 07:36:21 --> Session: Class initialized using 'CodeIgniter\Session\Handlers\FileHandler' driver.
WARNING - 2023-05-17 07:36:21 --> [DEPRECATED] Creation of dynamic property App\Controllers\ControllerInvestigadores::$session is deprecated in APPPATH/Controllers/ControllerInvestigadores.php on line 20.
 1 SYSTEMPATH/CodeIgniter.php(906): App\Controllers\ControllerInvestigadores->__construct()
 2 SYSTEMPATH/CodeIgniter.php(490): CodeIgniter\CodeIgniter->createController()
 3 SYSTEMPATH/CodeIgniter.php(368): CodeIgniter\CodeIgniter->handleRequest(null, Object(Config\Cache), false)
 4 FCPATH/index.php(67): CodeIgniter\CodeIgniter->run()
INFO - 2023-05-17 07:36:22 --> Session: Class initialized using 'CodeIgniter\Session\Handlers\FileHandler' driver.
WARNING - 2023-05-17 07:36:22 --> [DEPRECATED] Creation of dynamic property App\Controllers\ControllerInvestigadores::$session is deprecated in APPPATH/Controllers/ControllerInvestigadores.php on line 20.
 1 SYSTEMPATH/CodeIgniter.php(906): App\Controllers\ControllerInvestigadores->__construct()
 2 SYSTEMPATH/CodeIgniter.php(490): CodeIgniter\CodeIgniter->createController()
 3 SYSTEMPATH/CodeIgniter.php(368): CodeIgniter\CodeIgniter->handleRequest(null, Object(Config\Cache), false)
 4 FCPATH/index.php(67): CodeIgniter\CodeIgniter->run()
INFO - 2023-05-17 07:43:02 --> Session: Class initialized using 'CodeIgniter\Session\Handlers\FileHandler' driver.
WARNING - 2023-05-17 07:43:02 --> [DEPRECATED] Creation of dynamic property App\Controllers\ControllerInvestigadores::$session is deprecated in APPPATH/Controllers/ControllerInvestigadores.php on line 20.
 1 SYSTEMPATH/CodeIgniter.php(906): App\Controllers\ControllerInvestigadores->__construct()
 2 SYSTEMPATH/CodeIgniter.php(490): CodeIgniter\CodeIgniter->createController()
 3 SYSTEMPATH/CodeIgniter.php(368): CodeIgniter\CodeIgniter->handleRequest(null, Object(Config\Cache), false)
 4 FCPATH/index.php(67): CodeIgniter\CodeIgniter->run()
