CRITICAL - 2023-05-16 11:21:36 --> Invalid file: "portada/cabecera.php"
in SYSTEMPATH/Exceptions/FrameworkException.php on line 33.
 1 SYSTEMPATH/View/View.php(201): CodeIgniter\Exceptions\FrameworkException::forInvalidFile('portada/cabecera.php')
 2 SYSTEMPATH/Common.php(1184): CodeIgniter\View\View->render('portada/cabecera', [], true)
 3 APPPATH/Controllers/ControllerPortada.php(9): view('portada/cabecera')
 4 SYSTEMPATH/CodeIgniter.php(934): App\Controllers\ControllerPortada->index()
 5 SYSTEMPATH/CodeIgniter.php(499): CodeIgniter\CodeIgniter->runController(Object(App\Controllers\ControllerPortada))
 6 SYSTEMPATH/CodeIgniter.php(368): CodeIgniter\CodeIgniter->handleRequest(null, Object(Config\Cache), false)
 7 FCPATH/index.php(67): CodeIgniter\CodeIgniter->run()
CRITICAL - 2023-05-16 11:22:26 --> Invalid file: "portada/cabecera.php"
in SYSTEMPATH/Exceptions/FrameworkException.php on line 33.
 1 SYSTEMPATH/View/View.php(201): CodeIgniter\Exceptions\FrameworkException::forInvalidFile('portada/cabecera.php')
 2 SYSTEMPATH/Common.php(1184): CodeIgniter\View\View->render('portada/cabecera', [], true)
 3 APPPATH/Controllers/ControllerPortada.php(9): view('portada/cabecera')
 4 SYSTEMPATH/CodeIgniter.php(934): App\Controllers\ControllerPortada->index()
 5 SYSTEMPATH/CodeIgniter.php(499): CodeIgniter\CodeIgniter->runController(Object(App\Controllers\ControllerPortada))
 6 SYSTEMPATH/CodeIgniter.php(368): CodeIgniter\CodeIgniter->handleRequest(null, Object(Config\Cache), false)
 7 FCPATH/index.php(67): CodeIgniter\CodeIgniter->run()
CRITICAL - 2023-05-16 11:22:27 --> Invalid file: "portada/cabecera.php"
in SYSTEMPATH/Exceptions/FrameworkException.php on line 33.
 1 SYSTEMPATH/View/View.php(201): CodeIgniter\Exceptions\FrameworkException::forInvalidFile('portada/cabecera.php')
 2 SYSTEMPATH/Common.php(1184): CodeIgniter\View\View->render('portada/cabecera', [], true)
 3 APPPATH/Controllers/ControllerPortada.php(9): view('portada/cabecera')
 4 SYSTEMPATH/CodeIgniter.php(934): App\Controllers\ControllerPortada->index()
 5 SYSTEMPATH/CodeIgniter.php(499): CodeIgniter\CodeIgniter->runController(Object(App\Controllers\ControllerPortada))
 6 SYSTEMPATH/CodeIgniter.php(368): CodeIgniter\CodeIgniter->handleRequest(null, Object(Config\Cache), false)
 7 FCPATH/index.php(67): CodeIgniter\CodeIgniter->run()
CRITICAL - 2023-05-16 11:23:29 --> Invalid file: "portada/cabecera.php"
in SYSTEMPATH/Exceptions/FrameworkException.php on line 33.
 1 SYSTEMPATH/View/View.php(201): CodeIgniter\Exceptions\FrameworkException::forInvalidFile('portada/cabecera.php')
 2 SYSTEMPATH/Common.php(1184): CodeIgniter\View\View->render('portada/cabecera', [], true)
 3 APPPATH/Controllers/ControllerPortada.php(9): view('portada/cabecera')
 4 SYSTEMPATH/CodeIgniter.php(934): App\Controllers\ControllerPortada->index()
 5 SYSTEMPATH/CodeIgniter.php(499): CodeIgniter\CodeIgniter->runController(Object(App\Controllers\ControllerPortada))
 6 SYSTEMPATH/CodeIgniter.php(368): CodeIgniter\CodeIgniter->handleRequest(null, Object(Config\Cache), false)
 7 FCPATH/index.php(67): CodeIgniter\CodeIgniter->run()
